<?xml version="1.0" encoding="UTF-8"?>
<!-- Generated by org.testng.reporters.JUnitXMLReporter -->
<testsuite ignored="0" hostname="DESKTOP-GAS9SHC" failures="1" tests="4" name="Test" time="0.123" errors="0" timestamp="2022-03-12T23:20:53 PST">
  <testcase classname="project.Testng" name="abc" time="0.022">
    <failure type="java.lang.AssertionError" message="expected [false] but found [true]">
      <![CDATA[java.lang.AssertionError: expected [false] but found [true]
at project.Testng.abc(Testng.java:13)
at java.base/java.util.ArrayList.forEach(ArrayList.java:1511)
... Removed 31 stack frames]]>
    </failure>
  </testcase> <!-- abc -->
  <testcase classname="project.Testng2" name="tc_1" time="0.002"/>
  <testcase classname="project.Testng2" name="tc_3" time="0.002"/>
  <testcase classname="project.Testng2" name="tc_2" time="0.003"/>
</testsuite> <!-- Test -->
