<?xml version="1.0" encoding="UTF-8"?>
<!-- Generated by org.testng.reporters.JUnitXMLReporter -->
<testsuite ignored="0" hostname="DESKTOP-GAS9SHC" failures="1" tests="4" name="List Of test Cases" time="0.349" errors="0" timestamp="14 Mar 2022 02:58:18 GMT">
  <testcase classname="project.Testng" name="abc" time="0.126">
    <failure type="java.lang.AssertionError" message="expected [false] but found [true]">
      <![CDATA[java.lang.AssertionError: expected [false] but found [true]
at project.Testng.abc(Testng.java:13)
... Removed 33 stack frames]]>
    </failure>
  </testcase> <!-- abc -->
  <testcase classname="project.Testng2" name="tc_1" time="0.008"/>
  <testcase classname="project.Testng2" name="tc_3" time="0.004"/>
  <testcase classname="project.Testng2" name="tc_2" time="0.003"/>
</testsuite> <!-- List Of test Cases -->
