<?xml version="1.0" encoding="UTF-8"?>
<testsuite xmlns:xsi="http://www.w3.org/2001/XMLSchema-instance" xsi:noNamespaceSchemaLocation="https://maven.apache.org/surefire/maven-surefire-plugin/xsd/surefire-test-report-3.0.xsd" version="3.0" name="TestSuite" time="2.409" tests="4" errors="0" skipped="0" failures="1">
  <properties>
[...]
</properties>
  <testcase name="abc" classname="project.Testng" time="0.128">
    <failure message="expected [false] but found [true]" type="java.lang.AssertionError"><![CDATA[java.lang.AssertionError: expected [false] but found [true]
	at project.Testng.abc(Testng.java:13)
]]></failure>
    <system-out><![CDATA[[TestNGContentHandler] [WARN] It is strongly recommended to add "<!DOCTYPE suite SYSTEM "http://testng.org/testng-1.0.dtd" >" at the top of your file, otherwise TestNG may fail or not work as expected.
222222222222222222222222
]]></system-out>
    <system-err><![CDATA[SLF4J: Failed to load class "org.slf4j.impl.StaticLoggerBinder".
SLF4J: Defaulting to no-operation (NOP) logger implementation
SLF4J: See http://www.slf4j.org/codes.html#StaticLoggerBinder for further details.
]]></system-err>
  </testcase>
  <testcase name="tc_1" classname="project.Testng2" time="0.006">
    <system-out><![CDATA[111111111111111111111
]]></system-out>
  </testcase>
  <testcase name="tc_3" classname="project.Testng2" time="0.004">
    <system-out><![CDATA[333333333333333333333
]]></system-out>
  </testcase>
  <testcase name="tc_2" classname="project.Testng2" time="0.003">
    <system-out><![CDATA[222222222222222222222
]]></system-out>
  </testcase>
</testsuite>